running develop
running egg_info
creating qube_description.egg-info
writing qube_description.egg-info/PKG-INFO
writing dependency_links to qube_description.egg-info/dependency_links.txt
writing requirements to qube_description.egg-info/requires.txt
writing top-level names to qube_description.egg-info/top_level.txt
writing manifest file 'qube_description.egg-info/SOURCES.txt'
reading manifest file 'qube_description.egg-info/SOURCES.txt'
writing manifest file 'qube_description.egg-info/SOURCES.txt'
running build_ext
Creating /home/daniel-hatlem/qube_ws/install/qube_description/lib/python3.12/site-packages/qube-description.egg-link (link to .)

Installed /home/daniel-hatlem/qube_ws/build/qube_description
running symlink_data
creating /home/daniel-hatlem/qube_ws/install/qube_description/share/ament_index
creating /home/daniel-hatlem/qube_ws/install/qube_description/share/ament_index/resource_index
creating /home/daniel-hatlem/qube_ws/install/qube_description/share/ament_index/resource_index/packages
symbolically linking /home/daniel-hatlem/qube_ws/build/qube_description/resource/qube_description -> /home/daniel-hatlem/qube_ws/install/qube_description/share/ament_index/resource_index/packages
symbolically linking /home/daniel-hatlem/qube_ws/build/qube_description/package.xml -> /home/daniel-hatlem/qube_ws/install/qube_description/share/qube_description
creating /home/daniel-hatlem/qube_ws/install/qube_description/share/qube_description/urdf
creating /home/daniel-hatlem/qube_ws/install/qube_description/share/qube_description/launch
creating /home/daniel-hatlem/qube_ws/install/qube_description/share/qube_description/config
creating /home/daniel-hatlem/qube_ws/install/qube_description/share/qube_description/meshes
